Creating script environments for _cfx_internal
Found new resource webadmin in /home/schwim/Projects/FiveM/artifacts/2431/alpine/opt/cfx-server/citizen//system_resources//webadmin
Found new resource monitor in /home/schwim/Projects/FiveM/artifacts/2431/alpine/opt/cfx-server/citizen//system_resources//monitor
Found new resource basic-gamemode in /home/schwim/Projects/FiveM/exm/server-data/resources//[gamemodes]/basic-gamemode
Found new resource fivem in /home/schwim/Projects/FiveM/exm/server-data/resources//[test]/fivem
Found new resource example-loadscreen in /home/schwim/Projects/FiveM/exm/server-data/resources//[test]/example-loadscreen
Found new resource spawnmanager in /home/schwim/Projects/FiveM/exm/server-data/resources//[managers]/spawnmanager
Found new resource mapmanager in /home/schwim/Projects/FiveM/exm/server-data/resources//[managers]/mapmanager
Found new resource sessionmanager-rdr3 in /home/schwim/Projects/FiveM/exm/server-data/resources//[system]/sessionmanager-rdr3
Found new resource runcode in /home/schwim/Projects/FiveM/exm/server-data/resources//[system]/runcode
Found new resource scoreboard in /home/schwim/Projects/FiveM/exm/server-data/resources//[system]/scoreboard
Found new resource hardcap in /home/schwim/Projects/FiveM/exm/server-data/resources//[system]/hardcap
Found new resource sessionmanager in /home/schwim/Projects/FiveM/exm/server-data/resources//[system]/sessionmanager
Found new resource rconlog in /home/schwim/Projects/FiveM/exm/server-data/resources//[system]/rconlog
Found new resource mysql-async in /home/schwim/Projects/FiveM/exm/server-data/resources//[system]/mysql-async
Found new resource baseevents in /home/schwim/Projects/FiveM/exm/server-data/resources//[system]/baseevents
Found new resource chat in /home/schwim/Projects/FiveM/exm/server-data/resources//[gameplay]/chat
Found new resource playernames in /home/schwim/Projects/FiveM/exm/server-data/resources//[gameplay]/playernames
Found new resource chat-theme-gtao in /home/schwim/Projects/FiveM/exm/server-data/resources//[gameplay]/chat-theme-gtao
Found new resource skinchanger in /home/schwim/Projects/FiveM/exm/server-data/resources//[esx]/skinchanger
Found new resource esx_addonaccount in /home/schwim/Projects/FiveM/exm/server-data/resources//[esx]/esx_addonaccount
Found new resource esx_menu_dialog in /home/schwim/Projects/FiveM/exm/server-data/resources//[esx]/esx_menu_dialog
Found new resource esx_menu_list in /home/schwim/Projects/FiveM/exm/server-data/resources//[esx]/esx_menu_list
Found new resource esx_datastore in /home/schwim/Projects/FiveM/exm/server-data/resources//[esx]/esx_datastore
Found new resource esx_skin in /home/schwim/Projects/FiveM/exm/server-data/resources//[esx]/esx_skin
Found new resource instance in /home/schwim/Projects/FiveM/exm/server-data/resources//[esx]/instance
Found new resource esx_basicneeds in /home/schwim/Projects/FiveM/exm/server-data/resources//[esx]/esx_basicneeds
Found new resource esx_menu_default in /home/schwim/Projects/FiveM/exm/server-data/resources//[esx]/esx_menu_default
Found new resource extendedmode in /home/schwim/Projects/FiveM/exm/server-data/resources//[esx]/extendedmode
Found new resource esx_status in /home/schwim/Projects/FiveM/exm/server-data/resources//[esx]/esx_status
Found new resource fivem-map-skater in /home/schwim/Projects/FiveM/exm/server-data/resources//[gamemodes]/[maps]/fivem-map-skater
Found new resource redm-map-one in /home/schwim/Projects/FiveM/exm/server-data/resources//[gamemodes]/[maps]/redm-map-one
Found new resource fivem-map-hipster in /home/schwim/Projects/FiveM/exm/server-data/resources//[gamemodes]/[maps]/fivem-map-hipster
Found new resource webpack in /home/schwim/Projects/FiveM/exm/server-data/resources//[system]/[builders]/webpack
Found new resource yarn in /home/schwim/Projects/FiveM/exm/server-data/resources//[system]/[builders]/yarn
Creating script environments for sessionmanager
Started resource sessionmanager
Creating script environments for webadmin
Instantiated instance of script FxWebAdmin.BaseServer.
Instantiated instance of script FxWebAdmin.HttpServer+HttpServerScript.
Started resource webadmin
Creating script environments for monitor
Started resource monitor
Creating script environments for mapmanager
Started resource mapmanager
Creating script environments for chat
Started resource chat
Started resource spawnmanager
Started gametype Freeroam
Started resource basic-gamemode
Started resource fivem
Creating script environments for hardcap
Started resource hardcap
Creating script environments for rconlog
Started resource rconlog
Started resource scoreboard
Creating script environments for mysql-async
Started resource mysql-async
Changing gametype from basic-gamemode to extendedmode
Stopping resource fivem
Stopping resource basic-gamemode
Creating script environments for extendedmode
[ExtendedMode] [[32mINFO[0m] Starting up...
Started gametype extendedmode
Started resource extendedmode
Creating script environments for instance
Started resource instance
Creating script environments for esx_status
Started resource esx_status
Started resource skinchanger
Started resource esx_menu_default
Started resource esx_menu_list
Started resource esx_menu_dialog
Creating script environments for esx_skin
Started resource esx_skin
Creating script environments for esx_basicneeds
Started resource esx_basicneeds
Authenticating server license key...
Server license key authentication succeeded. Welcome!
cfx> [ExtendedMode] [[32mINFO[0m] Checking your database...
[93mAuthenticating with Nucleus...[0m
server thread hitch warning: timer interval of 4293 milliseconds
[32m[mysql-async] [SUCCESS][0m Database server connection established.
[33m[MariaDB:10.1.44-MariaDB-0ubuntu0.18.04.1] [WARNING][0m [extendedmode] [4295ms] SELECT TABLE_NAME AS 't', COLUMN_NAME AS 'c' FROM INFORMATION_SCHEMA.COLUMNS WHERE TABLE_NAME = 'users' or TABLE_NAME = 'user_inventory' or TABLE_NAME = 'user_accounts' : []
[ExtendedMode] [[32mINFO[0m] Your database is using the 'newesx' storage format, starting...
[ExtendedMode] [[32mINFO[0m] ExtendedMode has been initialized
[91m        fff                          
[91m  cccc ff   xx  xx     rr rr    eee  
[91mcc     ffff   xx       rrr  r ee   e 
[91mcc     ff     xx   ... rr     eeeee  
[91m ccccc ff   xx  xx ... rr      eeeee 
                                     [0m
[32mAuthenticated with cfx.re Nucleus: [0mhttps://schwim-wzabx5.users.cfx.re/
server thread hitch warning: timer interval of 153 milliseconds
[ExtendedMode] [[32mINFO[0m] Automatically saved all player data
[ExtendedMode] [[32mINFO[0m] Automatically saved all player data
[ExtendedMode] [[32mINFO[0m] Automatically saved all player data
[ExtendedMode] [[32mINFO[0m] Automatically saved all player data
[ExtendedMode] [[32mINFO[0m] Automatically saved all player data
[ExtendedMode] [[32mINFO[0m] Automatically saved all player data
[ExtendedMode] [[32mINFO[0m] Automatically saved all player data
[ExtendedMode] [[32mINFO[0m] Automatically saved all player data
[ExtendedMode] [[32mINFO[0m] Automatically saved all player data
[ExtendedMode] [[32mINFO[0m] Automatically saved all player data
[ExtendedMode] [[32mINFO[0m] Automatically saved all player data
[ExtendedMode] [[32mINFO[0m] Automatically saved all player data
[ExtendedMode] [[32mINFO[0m] Automatically saved all player data
[ExtendedMode] [[32mINFO[0m] Automatically saved all player data
[ExtendedMode] [[32mINFO[0m] Automatically saved all player data
[ExtendedMode] [[32mINFO[0m] Automatically saved all player data
[ExtendedMode] [[32mINFO[0m] Automatically saved all player data
[ExtendedMode] [[32mINFO[0m] Automatically saved all player data
[ExtendedMode] [[32mINFO[0m] Automatically saved all player data
[ExtendedMode] [[32mINFO[0m] Automatically saved all player data
[ExtendedMode] [[32mINFO[0m] Automatically saved all player data
[ExtendedMode] [[32mINFO[0m] Automatically saved all player data
[ExtendedMode] [[32mINFO[0m] Automatically saved all player data
[ExtendedMode] [[32mINFO[0m] Automatically saved all player data
[ExtendedMode] [[32mINFO[0m] Automatically saved all player data
[ExtendedMode] [[32mINFO[0m] Automatically saved all player data
[ExtendedMode] [[32mINFO[0m] Automatically saved all player data
[ExtendedMode] [[32mINFO[0m] Automatically saved all player data
[ExtendedMode] [[32mINFO[0m] Automatically saved all player data
[ExtendedMode] [[32mINFO[0m] Automatically saved all player data
[ExtendedMode] [[32mINFO[0m] Automatically saved all player data
[ExtendedMode] [[32mINFO[0m] Automatically saved all player data
[ExtendedMode] [[32mINFO[0m] Automatically saved all player data
[ExtendedMode] [[32mINFO[0m] Automatically saved all player data
[ExtendedMode] [[32mINFO[0m] Automatically saved all player data
[ExtendedMode] [[32mINFO[0m] Automatically saved all player data
[ExtendedMode] [[32mINFO[0m] Automatically saved all player data
[ExtendedMode] [[32mINFO[0m] Automatically saved all player data
[ExtendedMode] [[32mINFO[0m] Automatically saved all player data
[ExtendedMode] [[32mINFO[0m] Automatically saved all player data
[ExtendedMode] [[32mINFO[0m] Automatically saved all player data
[ExtendedMode] [[32mINFO[0m] Automatically saved all player data
[ExtendedMode] [[32mINFO[0m] Automatically saved all player data
[ExtendedMode] [[32mINFO[0m] Automatically saved all player data
[ExtendedMode] [[32mINFO[0m] Automatically saved all player data
[ExtendedMode] [[32mINFO[0m] Automatically saved all player data
[ExtendedMode] [[32mINFO[0m] Automatically saved all player data
[ExtendedMode] [[32mINFO[0m] Automatically saved all player data
[ExtendedMode] [[32mINFO[0m] Automatically saved all player data
[ExtendedMode] [[32mINFO[0m] Automatically saved all player data
[ExtendedMode] [[32mINFO[0m] Automatically saved all player data
[ExtendedMode] [[32mINFO[0m] Automatically saved all player data
[ExtendedMode] [[32mINFO[0m] Automatically saved all player data
[ExtendedMode] [[32mINFO[0m] Automatically saved all player data
[ExtendedMode] [[32mINFO[0m] Automatically saved all player data
[ExtendedMode] [[32mINFO[0m] Automatically saved all player data
[ExtendedMode] [[32mINFO[0m] Automatically saved all player data
[ExtendedMode] [[32mINFO[0m] Automatically saved all player data
[ExtendedMode] [[32mINFO[0m] Automatically saved all player data
[ExtendedMode] [[32mINFO[0m] Automatically saved all player data
[ExtendedMode] [[32mINFO[0m] Automatically saved all player data
[ExtendedMode] [[32mINFO[0m] Automatically saved all player data
[ExtendedMode] [[32mINFO[0m] Automatically saved all player data
[ExtendedMode] [[32mINFO[0m] Automatically saved all player data
[ExtendedMode] [[32mINFO[0m] Automatically saved all player data
[ExtendedMode] [[32mINFO[0m] Automatically saved all player data
[ExtendedMode] [[32mINFO[0m] Automatically saved all player data
[ExtendedMode] [[32mINFO[0m] Automatically saved all player data
[ExtendedMode] [[32mINFO[0m] Automatically saved all player data
[ExtendedMode] [[32mINFO[0m] Automatically saved all player data
[ExtendedMode] [[32mINFO[0m] Automatically saved all player data
[ExtendedMode] [[32mINFO[0m] Automatically saved all player data
[ExtendedMode] [[32mINFO[0m] Automatically saved all player data
[ExtendedMode] [[32mINFO[0m] Automatically saved all player data
[ExtendedMode] [[32mINFO[0m] Automatically saved all player data
[ExtendedMode] [[32mINFO[0m] Automatically saved all player data
[ExtendedMode] [[32mINFO[0m] Automatically saved all player data
[ExtendedMode] [[32mINFO[0m] Automatically saved all player data
[ExtendedMode] [[32mINFO[0m] Automatically saved all player data
[ExtendedMode] [[32mINFO[0m] Automatically saved all player data
[ExtendedMode] [[32mINFO[0m] Automatically saved all player data
[ExtendedMode] [[32mINFO[0m] Automatically saved all player data
[ExtendedMode] [[32mINFO[0m] Automatically saved all player data
[ExtendedMode] [[32mINFO[0m] Automatically saved all player data
[ExtendedMode] [[32mINFO[0m] Automatically saved all player data
[ExtendedMode] [[32mINFO[0m] Automatically saved all player data
[ExtendedMode] [[32mINFO[0m] Automatically saved all player data
[ExtendedMode] [[32mINFO[0m] Automatically saved all player data
[ExtendedMode] [[32mINFO[0m] Automatically saved all player data
[ExtendedMode] [[32mINFO[0m] Automatically saved all player data
[ExtendedMode] [[32mINFO[0m] Automatically saved all player data
[ExtendedMode] [[32mINFO[0m] Automatically saved all player data
[ExtendedMode] [[32mINFO[0m] Automatically saved all player data
[ExtendedMode] [[32mINFO[0m] Automatically saved all player data
[ExtendedMode] [[32mINFO[0m] Automatically saved all player data
[ExtendedMode] [[32mINFO[0m] Automatically saved all player data
[ExtendedMode] [[32mINFO[0m] Automatically saved all player data
[ExtendedMode] [[32mINFO[0m] Automatically saved all player data
[ExtendedMode] [[32mINFO[0m] Automatically saved all player data
[ExtendedMode] [[32mINFO[0m] Automatically saved all player data
[ExtendedMode] [[32mINFO[0m] Automatically saved all player data
[ExtendedMode] [[32mINFO[0m] Automatically saved all player data
[ExtendedMode] [[32mINFO[0m] Automatically saved all player data
[ExtendedMode] [[32mINFO[0m] Automatically saved all player data
[ExtendedMode] [[32mINFO[0m] Automatically saved all player data
[ExtendedMode] [[32mINFO[0m] Automatically saved all player data
sync thread hitch warning: timer interval of 654 milliseconds
server thread hitch warning: timer interval of 700 milliseconds
network thread hitch warning: timer interval of 970 milliseconds
sync thread hitch warning: timer interval of 325 milliseconds
server thread hitch warning: timer interval of 326 milliseconds
[ExtendedMode] [[32mINFO[0m] Automatically saved all player data
[ExtendedMode] [[32mINFO[0m] Automatically saved all player data
[ExtendedMode] [[32mINFO[0m] Automatically saved all player data
[ExtendedMode] [[32mINFO[0m] Automatically saved all player data
[ExtendedMode] [[32mINFO[0m] Automatically saved all player data
[ExtendedMode] [[32mINFO[0m] Automatically saved all player data
[ExtendedMode] [[32mINFO[0m] Automatically saved all player data
[ExtendedMode] [[32mINFO[0m] Automatically saved all player data
[ExtendedMode] [[32mINFO[0m] Automatically saved all player data
[ExtendedMode] [[32mINFO[0m] Automatically saved all player data
[ExtendedMode] [[32mINFO[0m] Automatically saved all player data
[ExtendedMode] [[32mINFO[0m] Automatically saved all player data
[ExtendedMode] [[32mINFO[0m] Automatically saved all player data
[ExtendedMode] [[32mINFO[0m] Automatically saved all player data
[ExtendedMode] [[32mINFO[0m] Automatically saved all player data
[ExtendedMode] [[32mINFO[0m] Automatically saved all player data
